R2-D2:  We'll take this one.

DE-34A:  Hey! What are you trying to push on us?

J2REG3:  Hey! What are you trying to push on us?

C-3PO:  We'll take this one.

A3-B&C7:  Hey! What are you trying to push on us?

This_is_a_very_long_name_which_cannot_communicate_with_the_vaporators_:  Hey! What are you trying to push on us?

T-hi-s-Is-A-Go-od-Dr-oi-d-Na-me---Lu-ck-il-y-I-am-no-t-a-Ro-bo-t-P-166:  We'll take this one.

---------------------------------------------------------------------y:  We'll take this one.

--:  Hey! What are you trying to push on us?

00:  We'll take this one.

0:  Hey! What are you trying to push on us?

A:  Hey! What are you trying to push on us?

AA:  Hey! What are you trying to push on us?

A-A:  We'll take this one.

9999999999999999999999999999999999999999999999999999999999999999999999:  We'll take this one.

$-%^0:  Hey! What are you trying to push on us?

11a:  We'll take this one.

22e:  We'll take this one.

33I:  We'll take this one.

44O:  We'll take this one.

55u:  We'll take this one.

66Y:  We'll take this one.

77:  We'll take this one.

88:  We'll take this one.

99:  We'll take this one.

