DENISE is the Supreme Rat
There is no Supreme Rat
DENISE: -3
FRANCIS: -1
EDWARD: 0
ALFRED: 1
BERTHA: 2
CHARLIE: 3
ALFRED is the Supreme Rat
DENISE: -3
EDWARD: -1
FRANCIS: -1
BERTHA: 2
CHARLIE: 3
ALFRED: 4
There is no Supreme Rat
JASON is the Supreme Rat
JASON: 0
JASON is the Supreme Rat
JASON: 6
JASON: 4
There is no Supreme Rat
AARON: 0
ABRAHAM: 0
ACE: 0
ADRIAN: 0
AEON: 0
AGATHA: 0
ALI: 0
AMANDA: 0
ANNA: 0
APRIL: 0
ARLEN: 0
ASA: 0
ATHENA: 0
AZIZ: 0
BARBARA: 0
BETH: 0
BILLY: 0
BLAINE: 0
BONNIE: 0
BRANDY: 0
BUBBA: 0
CARL: 0
CELINE: 0
CHARLIE: 0
CLAY: 0
CONNIE: 0
CURLY: 0
DAWN: 0
DEANNA: 0
DILBERT: 0
ABRAHAM is the Supreme Rat
There is no Supreme Rat
ACE is the Supreme Rat
There is no Supreme Rat
ADRIAN is the Supreme Rat
There is no Supreme Rat
AEON is the Supreme Rat
There is no Supreme Rat
AGATHA is the Supreme Rat
There is no Supreme Rat
ALI is the Supreme Rat
There is no Supreme Rat
AMANDA is the Supreme Rat
There is no Supreme Rat
ANNA is the Supreme Rat
There is no Supreme Rat
AARON: 0
ABRAHAM: 0
ACE: 0
ADRIAN: 0
AEON: 0
AGATHA: 0
ALI: 0
AMANDA: 0
ANNA: 0
ARLEN: 0
ASA: 0
ATHENA: 0
AZIZ: 0
BARBARA: 0
BETH: 0
BILLY: 0
BLAINE: 0
BONNIE: 0
BRANDY: 0
BUBBA: 0
CARL: 0
CELINE: 0
CHARLIE: 0
CLAY: 0
CONNIE: 0
CURLY: 0
DAWN: 0
DEANNA: 0
DILBERT: 0
APRIL: 4
APRIL is the Supreme Rat
There is no Supreme Rat
ARLEN is the Supreme Rat
There is no Supreme Rat
ASA is the Supreme Rat
There is no Supreme Rat
ATHENA is the Supreme Rat
There is no Supreme Rat
AZIZ is the Supreme Rat
There is no Supreme Rat
BARBARA is the Supreme Rat
There is no Supreme Rat
BETH is the Supreme Rat
There is no Supreme Rat
BILLY is the Supreme Rat
There is no Supreme Rat
BLAINE is the Supreme Rat
There is no Supreme Rat
BONNIE is the Supreme Rat
There is no Supreme Rat
AARON: 0
ABRAHAM: 0
ACE: 0
ADRIAN: 0
AEON: 0
AGATHA: 0
ALI: 0
AMANDA: 0
ANNA: 0
APRIL: 0
ARLEN: 0
ASA: 0
ATHENA: 0
AZIZ: 0
BARBARA: 0
BETH: 0
BILLY: 0
BLAINE: 0
BONNIE: 0
BUBBA: 0
CARL: 0
CELINE: 0
CHARLIE: 0
CLAY: 0
CONNIE: 0
CURLY: 0
DAWN: 0
DEANNA: 0
DILBERT: 0
BRANDY: 4
BRANDY is the Supreme Rat
There is no Supreme Rat
BUBBA is the Supreme Rat
There is no Supreme Rat
CARL is the Supreme Rat
There is no Supreme Rat
CELINE is the Supreme Rat
There is no Supreme Rat
CHARLIE is the Supreme Rat
There is no Supreme Rat
CLAY is the Supreme Rat
There is no Supreme Rat
CONNIE is the Supreme Rat
There is no Supreme Rat
CURLY is the Supreme Rat
There is no Supreme Rat
DAWN is the Supreme Rat
There is no Supreme Rat
DEANNA is the Supreme Rat
There is no Supreme Rat
DILBERT is the Supreme Rat
There is no Supreme Rat
ABRAHAM: 0
ACE: 0
ADRIAN: 0
AEON: 0
AGATHA: 0
ALI: 0
AMANDA: 0
ANNA: 0
APRIL: 0
ARLEN: 0
ASA: 0
ATHENA: 0
AZIZ: 0
BARBARA: 0
BETH: 0
BILLY: 0
BLAINE: 0
BONNIE: 0
BRANDY: 0
BUBBA: 0
CARL: 0
CELINE: 0
CHARLIE: 0
CLAY: 0
CONNIE: 0
CURLY: 0
DAWN: 0
DEANNA: 0
DILBERT: 0
AARON: 4
AARON is the Supreme Rat
AARON: 0
ABRAHAM: 0
ACE: 0
ADRIAN: 0
AEON: 0
AGATHA: 0
ALI: 0
AMANDA: 0
ANNA: 0
APRIL: 0
ARLEN: 0
ASA: 0
ATHENA: 0
AZIZ: 0
BARBARA: 0
BETH: 0
BILLY: 0
BLAINE: 0
BONNIE: 0
BRANDY: 0
BUBBA: 0
CARL: 0
CELINE: 0
CHARLIE: 0
CLAY: 0
CONNIE: 0
CURLY: 0
DAWN: 0
DEANNA: 0
DILBERT: 0
There is no Supreme Rat
SERVANT: -1
KING: 32767
KING is the Supreme Rat
